2019-04-18 14:49:25.434  INFO 20224 --- [main] my.test.Application                      : Starting Application on BMD3-W7 with PID 20224 (C:\test\spring\security\springsecuritytest\target\classes started by z.xin in C:\test\spring\security\springsecuritytest)
2019-04-18 14:49:25.448  INFO 20224 --- [main] my.test.Application                      : No active profile set, falling back to default profiles: default
2019-04-18 14:49:26.636  INFO 20224 --- [main] .s.d.r.c.RepositoryConfigurationDelegate : Bootstrapping Spring Data repositories in DEFAULT mode.
2019-04-18 14:49:26.737  INFO 20224 --- [main] .s.d.r.c.RepositoryConfigurationDelegate : Finished Spring Data repository scanning in 88ms. Found 1 repository interfaces.
2019-04-18 14:49:27.393  INFO 20224 --- [main] trationDelegate$BeanPostProcessorChecker : Bean 'org.springframework.transaction.annotation.ProxyTransactionManagementConfiguration' of type [org.springframework.transaction.annotation.ProxyTransactionManagementConfiguration$$EnhancerBySpringCGLIB$$1fce63bf] is not eligible for getting processed by all BeanPostProcessors (for example: not eligible for auto-proxying)
2019-04-18 14:49:27.463  INFO 20224 --- [main] trationDelegate$BeanPostProcessorChecker : Bean 'org.springframework.security.config.annotation.configuration.ObjectPostProcessorConfiguration' of type [org.springframework.security.config.annotation.configuration.ObjectPostProcessorConfiguration$$EnhancerBySpringCGLIB$$b87c2bf9] is not eligible for getting processed by all BeanPostProcessors (for example: not eligible for auto-proxying)
2019-04-18 14:49:27.475  INFO 20224 --- [main] trationDelegate$BeanPostProcessorChecker : Bean 'objectPostProcessor' of type [org.springframework.security.config.annotation.configuration.AutowireBeanFactoryObjectPostProcessor] is not eligible for getting processed by all BeanPostProcessors (for example: not eligible for auto-proxying)
2019-04-18 14:49:27.478  INFO 20224 --- [main] trationDelegate$BeanPostProcessorChecker : Bean 'org.springframework.security.access.expression.method.DefaultMethodSecurityExpressionHandler@537b32ef' of type [org.springframework.security.access.expression.method.DefaultMethodSecurityExpressionHandler] is not eligible for getting processed by all BeanPostProcessors (for example: not eligible for auto-proxying)
2019-04-18 14:49:27.483  INFO 20224 --- [main] trationDelegate$BeanPostProcessorChecker : Bean 'org.springframework.security.config.annotation.method.configuration.GlobalMethodSecurityConfiguration' of type [org.springframework.security.config.annotation.method.configuration.GlobalMethodSecurityConfiguration$$EnhancerBySpringCGLIB$$dd50ceab] is not eligible for getting processed by all BeanPostProcessors (for example: not eligible for auto-proxying)
2019-04-18 14:49:27.490  INFO 20224 --- [main] trationDelegate$BeanPostProcessorChecker : Bean 'methodSecurityMetadataSource' of type [org.springframework.security.access.method.DelegatingMethodSecurityMetadataSource] is not eligible for getting processed by all BeanPostProcessors (for example: not eligible for auto-proxying)
2019-04-18 14:49:28.108  INFO 20224 --- [main] o.s.b.w.embedded.tomcat.TomcatWebServer  : Tomcat initialized with port(s): 8080 (http)
2019-04-18 14:49:28.153  INFO 20224 --- [main] o.apache.catalina.core.StandardService   : Starting service [Tomcat]
2019-04-18 14:49:28.154  INFO 20224 --- [main] org.apache.catalina.core.StandardEngine  : Starting Servlet engine: [Apache Tomcat/9.0.16]
2019-04-18 14:49:28.171  INFO 20224 --- [main] o.a.catalina.core.AprLifecycleListener   : The APR based Apache Tomcat Native library which allows optimal performance in production environments was not found on the java.library.path: [C:\Program Files\Java\jdk1.8.0_162\bin;C:\Windows\Sun\Java\bin;C:\Windows\system32;C:\Windows;C:\python\Scripts\;C:\python\;C:\Program Files (x86)\Python\Scripts\;C:\Program Files (x86)\Python\;C:\Program Files (x86)\Common Files\Oracle\Java\javapath;C:\ProgramData\Oracle\Java\javapath;C:\Program Files\Java\jdk1.8.0_162\bin;C:\Windows\system32;C:\Windows;C:\Windows\System32\Wbem;C:\Windows\System32\WindowsPowerShell\v1.0\;C:\Program Files\Common Files\ThinPrint\;C:\Program Files (x86)\Microsoft SQL Server\80\Tools\Binn\;C:\Program Files (x86)\Kaspersky Lab\Kaspersky Security for Virtualization 4.0 Light Agent\;C:\Program Files\PuTTY\;C:\Program Files\dotnet\;C:\Program Files\mingw-w64\x86_64-7.2.0-win32-sjlj-rt_v5-rev1\mingw64\bin;C:\Windows\Microsoft.NET\Framework64\v4.0.30319;C:\Dropbox\myEnvironmentPath;C:\Dropbox\myEnvironmentPath\jni4net-0.8.8.0-bin\bin;C:\Program Files\Git\cmd;C:\Program Files\TortoiseSVN\bin;C:\Program Files\apache-maven-3.5.4\bin;%NVM_HOME%;%NVM_SYMLINK%;C:\Program Files (x86)\Microsoft SQL Server\110\Tools\Binn\ManagementStudio\;C:\Program Files (x86)\Microsoft SQL Server\110\Tools\Binn\;C:\Program Files\Microsoft SQL Server\110\Tools\Binn\;C:\Program Files (x86)\Microsoft SQL Server\110\DTS\Binn\;C:\Program Files (x86)\SQL Anywhere 12\bin32;;C:\Program Files\Microsoft VS Code\bin;C:\Users\z.xin\AppData\Roaming\npm;C:\Users\z.xin\AppData\Local\Programs\Microsoft VS Code\bin;C:\Users\z.xin\AppData\Roaming\nvm;C:\Program Files\nodejs;.]
2019-04-18 14:49:28.428  INFO 20224 --- [main] o.a.c.c.C.[Tomcat].[localhost].[/]       : Initializing Spring embedded WebApplicationContext
2019-04-18 14:49:28.429  INFO 20224 --- [main] o.s.web.context.ContextLoader            : Root WebApplicationContext: initialization completed in 2895 ms
2019-04-18 14:49:28.729  INFO 20224 --- [main] com.zaxxer.hikari.HikariDataSource       : HikariPool-1 - Starting...
2019-04-18 14:49:28.964  INFO 20224 --- [main] com.zaxxer.hikari.HikariDataSource       : HikariPool-1 - Start completed.
2019-04-18 14:49:29.059  INFO 20224 --- [main] o.hibernate.jpa.internal.util.LogHelper  : HHH000204: Processing PersistenceUnitInfo [
	name: default
	...]
2019-04-18 14:49:29.236  INFO 20224 --- [main] org.hibernate.Version                    : HHH000412: Hibernate Core {5.3.7.Final}
2019-04-18 14:49:29.239  INFO 20224 --- [main] org.hibernate.cfg.Environment            : HHH000206: hibernate.properties not found
2019-04-18 14:49:29.539  INFO 20224 --- [main] o.hibernate.annotations.common.Version   : HCANN000001: Hibernate Commons Annotations {5.0.4.Final}
2019-04-18 14:49:29.828  INFO 20224 --- [main] org.hibernate.dialect.Dialect            : HHH000400: Using dialect: org.hibernate.dialect.H2Dialect
2019-04-18 14:49:30.846  INFO 20224 --- [main] o.h.t.schema.internal.SchemaCreatorImpl  : HHH000476: Executing import script 'org.hibernate.tool.schema.internal.exec.ScriptSourceInputNonExistentImpl@60b5e80d'
2019-04-18 14:49:30.849  INFO 20224 --- [main] j.LocalContainerEntityManagerFactoryBean : Initialized JPA EntityManagerFactory for persistence unit 'default'
2019-04-18 14:49:31.815  INFO 20224 --- [main] o.s.s.web.DefaultSecurityFilterChain     : Creating filter chain: any request, [org.springframework.security.web.context.request.async.WebAsyncManagerIntegrationFilter@6a4af081, org.springframework.security.web.context.SecurityContextPersistenceFilter@1934339, org.springframework.security.web.header.HeaderWriterFilter@3d8d970e, org.springframework.security.web.csrf.CsrfFilter@25de8898, org.springframework.security.web.authentication.logout.LogoutFilter@2b098563, org.springframework.security.web.authentication.UsernamePasswordAuthenticationFilter@36df4c26, org.springframework.security.web.savedrequest.RequestCacheAwareFilter@1eab8437, org.springframework.security.web.servletapi.SecurityContextHolderAwareRequestFilter@22b7ef2b, org.springframework.security.web.authentication.AnonymousAuthenticationFilter@36b53f08, org.springframework.security.web.session.SessionManagementFilter@6987a133, org.springframework.security.web.access.ExceptionTranslationFilter@6164e137, org.springframework.security.web.access.intercept.FilterSecurityInterceptor@bb6f3f7]
2019-04-18 14:49:32.217  INFO 20224 --- [main] o.s.s.concurrent.ThreadPoolTaskExecutor  : Initializing ExecutorService 'applicationTaskExecutor'
2019-04-18 14:49:32.298  WARN 20224 --- [main] aWebConfiguration$JpaWebMvcConfiguration : spring.jpa.open-in-view is enabled by default. Therefore, database queries may be performed during view rendering. Explicitly configure spring.jpa.open-in-view to disable this warning
2019-04-18 14:49:32.657 ERROR 20224 --- [main] org.apache.catalina.util.LifecycleBase   : Failed to start component [Connector[HTTP/1.1-8080]]

org.apache.catalina.LifecycleException: Protocol handler start failed
	at org.apache.catalina.connector.Connector.startInternal(Connector.java:1008) ~[tomcat-embed-core-9.0.16.jar:9.0.16]
	at org.apache.catalina.util.LifecycleBase.start(LifecycleBase.java:183) ~[tomcat-embed-core-9.0.16.jar:9.0.16]
	at org.apache.catalina.core.StandardService.addConnector(StandardService.java:226) [tomcat-embed-core-9.0.16.jar:9.0.16]
	at org.springframework.boot.web.embedded.tomcat.TomcatWebServer.addPreviouslyRemovedConnectors(TomcatWebServer.java:259) [spring-boot-2.1.3.RELEASE.jar:2.1.3.RELEASE]
	at org.springframework.boot.web.embedded.tomcat.TomcatWebServer.start(TomcatWebServer.java:197) [spring-boot-2.1.3.RELEASE.jar:2.1.3.RELEASE]
	at org.springframework.boot.web.servlet.context.ServletWebServerApplicationContext.startWebServer(ServletWebServerApplicationContext.java:311) [spring-boot-2.1.3.RELEASE.jar:2.1.3.RELEASE]
	at org.springframework.boot.web.servlet.context.ServletWebServerApplicationContext.finishRefresh(ServletWebServerApplicationContext.java:164) [spring-boot-2.1.3.RELEASE.jar:2.1.3.RELEASE]
	at org.springframework.context.support.AbstractApplicationContext.refresh(AbstractApplicationContext.java:552) [spring-context-5.1.5.RELEASE.jar:5.1.5.RELEASE]
	at org.springframework.boot.web.servlet.context.ServletWebServerApplicationContext.refresh(ServletWebServerApplicationContext.java:142) [spring-boot-2.1.3.RELEASE.jar:2.1.3.RELEASE]
	at org.springframework.boot.SpringApplication.refresh(SpringApplication.java:775) [spring-boot-2.1.3.RELEASE.jar:2.1.3.RELEASE]
	at org.springframework.boot.SpringApplication.refreshContext(SpringApplication.java:397) [spring-boot-2.1.3.RELEASE.jar:2.1.3.RELEASE]
	at org.springframework.boot.SpringApplication.run(SpringApplication.java:316) [spring-boot-2.1.3.RELEASE.jar:2.1.3.RELEASE]
	at org.springframework.boot.SpringApplication.run(SpringApplication.java:1260) [spring-boot-2.1.3.RELEASE.jar:2.1.3.RELEASE]
	at org.springframework.boot.SpringApplication.run(SpringApplication.java:1248) [spring-boot-2.1.3.RELEASE.jar:2.1.3.RELEASE]
	at my.test.Application.main(Application.java:10) [classes/:na]
Caused by: java.net.BindException: Address already in use: bind
	at sun.nio.ch.Net.bind0(Native Method) ~[na:1.8.0_162]
	at sun.nio.ch.Net.bind(Net.java:433) ~[na:1.8.0_162]
	at sun.nio.ch.Net.bind(Net.java:425) ~[na:1.8.0_162]
	at sun.nio.ch.ServerSocketChannelImpl.bind(ServerSocketChannelImpl.java:223) ~[na:1.8.0_162]
	at sun.nio.ch.ServerSocketAdaptor.bind(ServerSocketAdaptor.java:74) ~[na:1.8.0_162]
	at org.apache.tomcat.util.net.NioEndpoint.initServerSocket(NioEndpoint.java:236) ~[tomcat-embed-core-9.0.16.jar:9.0.16]
	at org.apache.tomcat.util.net.NioEndpoint.bind(NioEndpoint.java:210) ~[tomcat-embed-core-9.0.16.jar:9.0.16]
	at org.apache.tomcat.util.net.AbstractEndpoint.bindWithCleanup(AbstractEndpoint.java:1085) ~[tomcat-embed-core-9.0.16.jar:9.0.16]
	at org.apache.tomcat.util.net.AbstractEndpoint.start(AbstractEndpoint.java:1171) ~[tomcat-embed-core-9.0.16.jar:9.0.16]
	at org.apache.coyote.AbstractProtocol.start(AbstractProtocol.java:568) ~[tomcat-embed-core-9.0.16.jar:9.0.16]
	at org.apache.catalina.connector.Connector.startInternal(Connector.java:1005) ~[tomcat-embed-core-9.0.16.jar:9.0.16]
	... 14 common frames omitted

2019-04-18 14:49:32.664  INFO 20224 --- [main] o.apache.catalina.core.StandardService   : Stopping service [Tomcat]
2019-04-18 14:49:32.686  INFO 20224 --- [main] ConditionEvaluationReportLoggingListener : 

Error starting ApplicationContext. To display the conditions report re-run your application with 'debug' enabled.
2019-04-18 14:49:32.688 ERROR 20224 --- [main] o.s.b.d.LoggingFailureAnalysisReporter   : 

***************************
APPLICATION FAILED TO START
***************************

Description:

The Tomcat connector configured to listen on port 8080 failed to start. The port may already be in use or the connector may be misconfigured.

Action:

Verify the connector's configuration, identify and stop any process that's listening on port 8080, or configure this application to listen on another port.

2019-04-18 14:49:32.691  INFO 20224 --- [main] o.s.s.concurrent.ThreadPoolTaskExecutor  : Shutting down ExecutorService 'applicationTaskExecutor'
2019-04-18 14:49:32.692  INFO 20224 --- [main] j.LocalContainerEntityManagerFactoryBean : Closing JPA EntityManagerFactory for persistence unit 'default'
2019-04-18 14:49:32.694  INFO 20224 --- [main] com.zaxxer.hikari.HikariDataSource       : HikariPool-1 - Shutdown initiated...
2019-04-18 14:49:32.703  INFO 20224 --- [main] com.zaxxer.hikari.HikariDataSource       : HikariPool-1 - Shutdown completed.
2019-04-18 14:49:56.122  INFO 20536 --- [main] my.test.Application                      : Starting Application on BMD3-W7 with PID 20536 (C:\test\spring\security\springsecuritytest\target\classes started by z.xin in C:\test\spring\security\springsecuritytest)
2019-04-18 14:49:56.125  INFO 20536 --- [main] my.test.Application                      : No active profile set, falling back to default profiles: default
2019-04-18 14:49:57.243  INFO 20536 --- [main] .s.d.r.c.RepositoryConfigurationDelegate : Bootstrapping Spring Data repositories in DEFAULT mode.
2019-04-18 14:49:57.348  INFO 20536 --- [main] .s.d.r.c.RepositoryConfigurationDelegate : Finished Spring Data repository scanning in 94ms. Found 1 repository interfaces.
2019-04-18 14:49:58.010  INFO 20536 --- [main] trationDelegate$BeanPostProcessorChecker : Bean 'org.springframework.transaction.annotation.ProxyTransactionManagementConfiguration' of type [org.springframework.transaction.annotation.ProxyTransactionManagementConfiguration$$EnhancerBySpringCGLIB$$52c79570] is not eligible for getting processed by all BeanPostProcessors (for example: not eligible for auto-proxying)
2019-04-18 14:49:58.067  INFO 20536 --- [main] trationDelegate$BeanPostProcessorChecker : Bean 'org.springframework.security.config.annotation.configuration.ObjectPostProcessorConfiguration' of type [org.springframework.security.config.annotation.configuration.ObjectPostProcessorConfiguration$$EnhancerBySpringCGLIB$$eb755daa] is not eligible for getting processed by all BeanPostProcessors (for example: not eligible for auto-proxying)
2019-04-18 14:49:58.073  INFO 20536 --- [main] trationDelegate$BeanPostProcessorChecker : Bean 'objectPostProcessor' of type [org.springframework.security.config.annotation.configuration.AutowireBeanFactoryObjectPostProcessor] is not eligible for getting processed by all BeanPostProcessors (for example: not eligible for auto-proxying)
2019-04-18 14:49:58.075  INFO 20536 --- [main] trationDelegate$BeanPostProcessorChecker : Bean 'org.springframework.security.access.expression.method.DefaultMethodSecurityExpressionHandler@1fd386c3' of type [org.springframework.security.access.expression.method.DefaultMethodSecurityExpressionHandler] is not eligible for getting processed by all BeanPostProcessors (for example: not eligible for auto-proxying)
2019-04-18 14:49:58.077  INFO 20536 --- [main] trationDelegate$BeanPostProcessorChecker : Bean 'org.springframework.security.config.annotation.method.configuration.GlobalMethodSecurityConfiguration' of type [org.springframework.security.config.annotation.method.configuration.GlobalMethodSecurityConfiguration$$EnhancerBySpringCGLIB$$104a005c] is not eligible for getting processed by all BeanPostProcessors (for example: not eligible for auto-proxying)
2019-04-18 14:49:58.082  INFO 20536 --- [main] trationDelegate$BeanPostProcessorChecker : Bean 'methodSecurityMetadataSource' of type [org.springframework.security.access.method.DelegatingMethodSecurityMetadataSource] is not eligible for getting processed by all BeanPostProcessors (for example: not eligible for auto-proxying)
2019-04-18 14:49:58.774  INFO 20536 --- [main] o.s.b.w.embedded.tomcat.TomcatWebServer  : Tomcat initialized with port(s): 8080 (http)
2019-04-18 14:49:58.815  INFO 20536 --- [main] o.apache.catalina.core.StandardService   : Starting service [Tomcat]
2019-04-18 14:49:58.815  INFO 20536 --- [main] org.apache.catalina.core.StandardEngine  : Starting Servlet engine: [Apache Tomcat/9.0.16]
2019-04-18 14:49:58.833  INFO 20536 --- [main] o.a.catalina.core.AprLifecycleListener   : The APR based Apache Tomcat Native library which allows optimal performance in production environments was not found on the java.library.path: [C:\Program Files\Java\jdk1.8.0_162\bin;C:\Windows\Sun\Java\bin;C:\Windows\system32;C:\Windows;C:\python\Scripts\;C:\python\;C:\Program Files (x86)\Python\Scripts\;C:\Program Files (x86)\Python\;C:\Program Files (x86)\Common Files\Oracle\Java\javapath;C:\ProgramData\Oracle\Java\javapath;C:\Program Files\Java\jdk1.8.0_162\bin;C:\Windows\system32;C:\Windows;C:\Windows\System32\Wbem;C:\Windows\System32\WindowsPowerShell\v1.0\;C:\Program Files\Common Files\ThinPrint\;C:\Program Files (x86)\Microsoft SQL Server\80\Tools\Binn\;C:\Program Files (x86)\Kaspersky Lab\Kaspersky Security for Virtualization 4.0 Light Agent\;C:\Program Files\PuTTY\;C:\Program Files\dotnet\;C:\Program Files\mingw-w64\x86_64-7.2.0-win32-sjlj-rt_v5-rev1\mingw64\bin;C:\Windows\Microsoft.NET\Framework64\v4.0.30319;C:\Dropbox\myEnvironmentPath;C:\Dropbox\myEnvironmentPath\jni4net-0.8.8.0-bin\bin;C:\Program Files\Git\cmd;C:\Program Files\TortoiseSVN\bin;C:\Program Files\apache-maven-3.5.4\bin;%NVM_HOME%;%NVM_SYMLINK%;C:\Program Files (x86)\Microsoft SQL Server\110\Tools\Binn\ManagementStudio\;C:\Program Files (x86)\Microsoft SQL Server\110\Tools\Binn\;C:\Program Files\Microsoft SQL Server\110\Tools\Binn\;C:\Program Files (x86)\Microsoft SQL Server\110\DTS\Binn\;C:\Program Files (x86)\SQL Anywhere 12\bin32;;C:\Program Files\Microsoft VS Code\bin;C:\Users\z.xin\AppData\Roaming\npm;C:\Users\z.xin\AppData\Local\Programs\Microsoft VS Code\bin;C:\Users\z.xin\AppData\Roaming\nvm;C:\Program Files\nodejs;.]
2019-04-18 14:49:59.124  INFO 20536 --- [main] o.a.c.c.C.[Tomcat].[localhost].[/]       : Initializing Spring embedded WebApplicationContext
2019-04-18 14:49:59.125  INFO 20536 --- [main] o.s.web.context.ContextLoader            : Root WebApplicationContext: initialization completed in 2921 ms
2019-04-18 14:49:59.650  INFO 20536 --- [main] com.zaxxer.hikari.HikariDataSource       : HikariPool-1 - Starting...
2019-04-18 14:49:59.885  INFO 20536 --- [main] com.zaxxer.hikari.HikariDataSource       : HikariPool-1 - Start completed.
2019-04-18 14:49:59.995  INFO 20536 --- [main] o.hibernate.jpa.internal.util.LogHelper  : HHH000204: Processing PersistenceUnitInfo [
	name: default
	...]
2019-04-18 14:50:00.173  INFO 20536 --- [main] org.hibernate.Version                    : HHH000412: Hibernate Core {5.3.7.Final}
2019-04-18 14:50:00.175  INFO 20536 --- [main] org.hibernate.cfg.Environment            : HHH000206: hibernate.properties not found
2019-04-18 14:50:00.433  INFO 20536 --- [main] o.hibernate.annotations.common.Version   : HCANN000001: Hibernate Commons Annotations {5.0.4.Final}
2019-04-18 14:50:00.650  INFO 20536 --- [main] org.hibernate.dialect.Dialect            : HHH000400: Using dialect: org.hibernate.dialect.H2Dialect
2019-04-18 14:50:01.507  INFO 20536 --- [main] o.h.t.schema.internal.SchemaCreatorImpl  : HHH000476: Executing import script 'org.hibernate.tool.schema.internal.exec.ScriptSourceInputNonExistentImpl@1d2fb82'
2019-04-18 14:50:01.510  INFO 20536 --- [main] j.LocalContainerEntityManagerFactoryBean : Initialized JPA EntityManagerFactory for persistence unit 'default'
2019-04-18 14:50:02.400  INFO 20536 --- [main] o.s.s.web.DefaultSecurityFilterChain     : Creating filter chain: any request, [org.springframework.security.web.context.request.async.WebAsyncManagerIntegrationFilter@6ce15112, org.springframework.security.web.context.SecurityContextPersistenceFilter@6f8667bb, org.springframework.security.web.header.HeaderWriterFilter@568f4faa, org.springframework.security.web.csrf.CsrfFilter@25a290ee, org.springframework.security.web.authentication.logout.LogoutFilter@510da778, org.springframework.security.web.authentication.UsernamePasswordAuthenticationFilter@22b7ef2b, org.springframework.security.web.savedrequest.RequestCacheAwareFilter@2774dcf4, org.springframework.security.web.servletapi.SecurityContextHolderAwareRequestFilter@68fc9167, org.springframework.security.web.authentication.AnonymousAuthenticationFilter@ba4f370, org.springframework.security.web.session.SessionManagementFilter@589dfa6f, org.springframework.security.web.access.ExceptionTranslationFilter@729cd862, org.springframework.security.web.access.intercept.FilterSecurityInterceptor@6c96403e]
2019-04-18 14:50:02.807  INFO 20536 --- [main] o.s.s.concurrent.ThreadPoolTaskExecutor  : Initializing ExecutorService 'applicationTaskExecutor'
2019-04-18 14:50:02.879  WARN 20536 --- [main] aWebConfiguration$JpaWebMvcConfiguration : spring.jpa.open-in-view is enabled by default. Therefore, database queries may be performed during view rendering. Explicitly configure spring.jpa.open-in-view to disable this warning
2019-04-18 14:50:03.245  INFO 20536 --- [main] o.s.b.w.embedded.tomcat.TomcatWebServer  : Tomcat started on port(s): 8080 (http) with context path ''
2019-04-18 14:50:03.251  INFO 20536 --- [main] my.test.Application                      : Started Application in 7.733 seconds (JVM running for 8.345)
2019-04-18 14:50:04.580  INFO 20536 --- [http-nio-8080-exec-1] o.a.c.c.C.[Tomcat].[localhost].[/]       : Initializing Spring DispatcherServlet 'dispatcherServlet'
2019-04-18 14:50:04.582  INFO 20536 --- [http-nio-8080-exec-1] o.s.web.servlet.DispatcherServlet        : Initializing Servlet 'dispatcherServlet'
2019-04-18 14:50:04.616  INFO 20536 --- [http-nio-8080-exec-1] o.s.web.servlet.DispatcherServlet        : Completed initialization in 32 ms
2019-04-18 15:01:02.237  INFO 20536 --- [http-nio-8080-exec-3] o.h.h.i.QueryTranslatorFactoryInitiator  : HHH000397: Using ASTQueryTranslatorFactory
2019-04-18 15:06:23.111  INFO 4092 --- [main] my.test.Application                      : Starting Application on BMD3-W7 with PID 4092 (C:\test\spring\security\springsecuritytest\target\classes started by z.xin in C:\test\spring\security\springsecuritytest)
2019-04-18 15:06:23.115  INFO 4092 --- [main] my.test.Application                      : No active profile set, falling back to default profiles: default
2019-04-18 15:06:24.304  INFO 4092 --- [main] .s.d.r.c.RepositoryConfigurationDelegate : Bootstrapping Spring Data repositories in DEFAULT mode.
2019-04-18 15:06:24.397  INFO 4092 --- [main] .s.d.r.c.RepositoryConfigurationDelegate : Finished Spring Data repository scanning in 80ms. Found 1 repository interfaces.
2019-04-18 15:06:24.908  INFO 4092 --- [main] trationDelegate$BeanPostProcessorChecker : Bean 'org.springframework.transaction.annotation.ProxyTransactionManagementConfiguration' of type [org.springframework.transaction.annotation.ProxyTransactionManagementConfiguration$$EnhancerBySpringCGLIB$$ba65d102] is not eligible for getting processed by all BeanPostProcessors (for example: not eligible for auto-proxying)
2019-04-18 15:06:24.956  INFO 4092 --- [main] trationDelegate$BeanPostProcessorChecker : Bean 'org.springframework.security.config.annotation.configuration.ObjectPostProcessorConfiguration' of type [org.springframework.security.config.annotation.configuration.ObjectPostProcessorConfiguration$$EnhancerBySpringCGLIB$$5313993c] is not eligible for getting processed by all BeanPostProcessors (for example: not eligible for auto-proxying)
2019-04-18 15:06:24.973  INFO 4092 --- [main] trationDelegate$BeanPostProcessorChecker : Bean 'objectPostProcessor' of type [org.springframework.security.config.annotation.configuration.AutowireBeanFactoryObjectPostProcessor] is not eligible for getting processed by all BeanPostProcessors (for example: not eligible for auto-proxying)
2019-04-18 15:06:25.020  INFO 4092 --- [main] trationDelegate$BeanPostProcessorChecker : Bean 'org.springframework.security.access.expression.method.DefaultMethodSecurityExpressionHandler@42d236fb' of type [org.springframework.security.access.expression.method.DefaultMethodSecurityExpressionHandler] is not eligible for getting processed by all BeanPostProcessors (for example: not eligible for auto-proxying)
2019-04-18 15:06:25.023  INFO 4092 --- [main] trationDelegate$BeanPostProcessorChecker : Bean 'org.springframework.security.config.annotation.method.configuration.GlobalMethodSecurityConfiguration' of type [org.springframework.security.config.annotation.method.configuration.GlobalMethodSecurityConfiguration$$EnhancerBySpringCGLIB$$77e83bee] is not eligible for getting processed by all BeanPostProcessors (for example: not eligible for auto-proxying)
2019-04-18 15:06:25.029  INFO 4092 --- [main] trationDelegate$BeanPostProcessorChecker : Bean 'methodSecurityMetadataSource' of type [org.springframework.security.access.method.DelegatingMethodSecurityMetadataSource] is not eligible for getting processed by all BeanPostProcessors (for example: not eligible for auto-proxying)
2019-04-18 15:06:25.690  INFO 4092 --- [main] o.s.b.w.embedded.tomcat.TomcatWebServer  : Tomcat initialized with port(s): 8080 (http)
2019-04-18 15:06:25.723  INFO 4092 --- [main] o.apache.catalina.core.StandardService   : Starting service [Tomcat]
2019-04-18 15:06:25.724  INFO 4092 --- [main] org.apache.catalina.core.StandardEngine  : Starting Servlet engine: [Apache Tomcat/9.0.16]
2019-04-18 15:06:25.753  INFO 4092 --- [main] o.a.catalina.core.AprLifecycleListener   : The APR based Apache Tomcat Native library which allows optimal performance in production environments was not found on the java.library.path: [C:\Program Files\Java\jdk1.8.0_162\bin;C:\Windows\Sun\Java\bin;C:\Windows\system32;C:\Windows;C:\python\Scripts\;C:\python\;C:\Program Files (x86)\Python\Scripts\;C:\Program Files (x86)\Python\;C:\Program Files (x86)\Common Files\Oracle\Java\javapath;C:\ProgramData\Oracle\Java\javapath;C:\Program Files\Java\jdk1.8.0_162\bin;C:\Windows\system32;C:\Windows;C:\Windows\System32\Wbem;C:\Windows\System32\WindowsPowerShell\v1.0\;C:\Program Files\Common Files\ThinPrint\;C:\Program Files (x86)\Microsoft SQL Server\80\Tools\Binn\;C:\Program Files (x86)\Kaspersky Lab\Kaspersky Security for Virtualization 4.0 Light Agent\;C:\Program Files\PuTTY\;C:\Program Files\dotnet\;C:\Program Files\mingw-w64\x86_64-7.2.0-win32-sjlj-rt_v5-rev1\mingw64\bin;C:\Windows\Microsoft.NET\Framework64\v4.0.30319;C:\Dropbox\myEnvironmentPath;C:\Dropbox\myEnvironmentPath\jni4net-0.8.8.0-bin\bin;C:\Program Files\Git\cmd;C:\Program Files\TortoiseSVN\bin;C:\Program Files\apache-maven-3.5.4\bin;%NVM_HOME%;%NVM_SYMLINK%;C:\Program Files (x86)\Microsoft SQL Server\110\Tools\Binn\ManagementStudio\;C:\Program Files (x86)\Microsoft SQL Server\110\Tools\Binn\;C:\Program Files\Microsoft SQL Server\110\Tools\Binn\;C:\Program Files (x86)\Microsoft SQL Server\110\DTS\Binn\;C:\Program Files (x86)\SQL Anywhere 12\bin32;;C:\Program Files\Microsoft VS Code\bin;C:\Users\z.xin\AppData\Roaming\npm;C:\Users\z.xin\AppData\Local\Programs\Microsoft VS Code\bin;C:\Users\z.xin\AppData\Roaming\nvm;C:\Program Files\nodejs;.]
2019-04-18 15:06:25.981  INFO 4092 --- [main] o.a.c.c.C.[Tomcat].[localhost].[/]       : Initializing Spring embedded WebApplicationContext
2019-04-18 15:06:25.982  INFO 4092 --- [main] o.s.web.context.ContextLoader            : Root WebApplicationContext: initialization completed in 2745 ms
2019-04-18 15:06:26.215  INFO 4092 --- [main] com.zaxxer.hikari.HikariDataSource       : HikariPool-1 - Starting...
2019-04-18 15:06:26.410  INFO 4092 --- [main] com.zaxxer.hikari.HikariDataSource       : HikariPool-1 - Start completed.
2019-04-18 15:06:26.481  INFO 4092 --- [main] o.hibernate.jpa.internal.util.LogHelper  : HHH000204: Processing PersistenceUnitInfo [
	name: default
	...]
2019-04-18 15:06:26.584  INFO 4092 --- [main] org.hibernate.Version                    : HHH000412: Hibernate Core {5.3.7.Final}
2019-04-18 15:06:26.586  INFO 4092 --- [main] org.hibernate.cfg.Environment            : HHH000206: hibernate.properties not found
2019-04-18 15:06:26.791  INFO 4092 --- [main] o.hibernate.annotations.common.Version   : HCANN000001: Hibernate Commons Annotations {5.0.4.Final}
2019-04-18 15:06:27.014  INFO 4092 --- [main] org.hibernate.dialect.Dialect            : HHH000400: Using dialect: org.hibernate.dialect.H2Dialect
2019-04-18 15:06:27.873  INFO 4092 --- [main] o.h.t.schema.internal.SchemaCreatorImpl  : HHH000476: Executing import script 'org.hibernate.tool.schema.internal.exec.ScriptSourceInputNonExistentImpl@340cb97f'
2019-04-18 15:06:27.875  INFO 4092 --- [main] j.LocalContainerEntityManagerFactoryBean : Initialized JPA EntityManagerFactory for persistence unit 'default'
2019-04-18 15:06:28.725  INFO 4092 --- [main] o.s.s.web.DefaultSecurityFilterChain     : Creating filter chain: any request, [org.springframework.security.web.context.request.async.WebAsyncManagerIntegrationFilter@3ea48c37, org.springframework.security.web.context.SecurityContextPersistenceFilter@27bb4dc5, org.springframework.security.web.header.HeaderWriterFilter@7bc2ae16, org.springframework.security.web.csrf.CsrfFilter@643f6179, org.springframework.security.web.authentication.logout.LogoutFilter@6987a133, org.springframework.security.web.authentication.UsernamePasswordAuthenticationFilter@ca546a1, org.springframework.security.web.savedrequest.RequestCacheAwareFilter@64910b2d, org.springframework.security.web.servletapi.SecurityContextHolderAwareRequestFilter@6164e137, org.springframework.security.web.authentication.AnonymousAuthenticationFilter@11e834ad, org.springframework.security.web.session.SessionManagementFilter@7d3bf8db, org.springframework.security.web.access.ExceptionTranslationFilter@bfb93cf, org.springframework.security.web.access.intercept.FilterSecurityInterceptor@892af0e]
2019-04-18 15:06:29.105  INFO 4092 --- [main] o.s.s.concurrent.ThreadPoolTaskExecutor  : Initializing ExecutorService 'applicationTaskExecutor'
2019-04-18 15:06:29.175  WARN 4092 --- [main] aWebConfiguration$JpaWebMvcConfiguration : spring.jpa.open-in-view is enabled by default. Therefore, database queries may be performed during view rendering. Explicitly configure spring.jpa.open-in-view to disable this warning
2019-04-18 15:06:29.522  INFO 4092 --- [main] o.s.b.w.embedded.tomcat.TomcatWebServer  : Tomcat started on port(s): 8080 (http) with context path ''
2019-04-18 15:06:29.526  INFO 4092 --- [main] my.test.Application                      : Started Application in 7.236 seconds (JVM running for 7.858)
2019-04-18 15:06:40.302  INFO 4092 --- [http-nio-8080-exec-2] o.a.c.c.C.[Tomcat].[localhost].[/]       : Initializing Spring DispatcherServlet 'dispatcherServlet'
2019-04-18 15:06:40.303  INFO 4092 --- [http-nio-8080-exec-2] o.s.web.servlet.DispatcherServlet        : Initializing Servlet 'dispatcherServlet'
2019-04-18 15:06:40.316  INFO 4092 --- [http-nio-8080-exec-2] o.s.web.servlet.DispatcherServlet        : Completed initialization in 12 ms
2019-04-18 15:08:04.870  INFO 21200 --- [main] my.test.Application                      : Starting Application on BMD3-W7 with PID 21200 (C:\test\spring\security\springsecuritytest\target\classes started by z.xin in C:\test\spring\security\springsecuritytest)
2019-04-18 15:08:04.874  INFO 21200 --- [main] my.test.Application                      : No active profile set, falling back to default profiles: default
2019-04-18 15:08:06.264  INFO 21200 --- [main] .s.d.r.c.RepositoryConfigurationDelegate : Bootstrapping Spring Data repositories in DEFAULT mode.
2019-04-18 15:08:06.374  INFO 21200 --- [main] .s.d.r.c.RepositoryConfigurationDelegate : Finished Spring Data repository scanning in 100ms. Found 1 repository interfaces.
2019-04-18 15:08:06.883  INFO 21200 --- [main] trationDelegate$BeanPostProcessorChecker : Bean 'org.springframework.transaction.annotation.ProxyTransactionManagementConfiguration' of type [org.springframework.transaction.annotation.ProxyTransactionManagementConfiguration$$EnhancerBySpringCGLIB$$9e1c72a8] is not eligible for getting processed by all BeanPostProcessors (for example: not eligible for auto-proxying)
2019-04-18 15:08:06.961  INFO 21200 --- [main] trationDelegate$BeanPostProcessorChecker : Bean 'org.springframework.security.config.annotation.configuration.ObjectPostProcessorConfiguration' of type [org.springframework.security.config.annotation.configuration.ObjectPostProcessorConfiguration$$EnhancerBySpringCGLIB$$36ca3ae2] is not eligible for getting processed by all BeanPostProcessors (for example: not eligible for auto-proxying)
2019-04-18 15:08:06.968  INFO 21200 --- [main] trationDelegate$BeanPostProcessorChecker : Bean 'objectPostProcessor' of type [org.springframework.security.config.annotation.configuration.AutowireBeanFactoryObjectPostProcessor] is not eligible for getting processed by all BeanPostProcessors (for example: not eligible for auto-proxying)
2019-04-18 15:08:06.970  INFO 21200 --- [main] trationDelegate$BeanPostProcessorChecker : Bean 'org.springframework.security.access.expression.method.DefaultMethodSecurityExpressionHandler@502f8b57' of type [org.springframework.security.access.expression.method.DefaultMethodSecurityExpressionHandler] is not eligible for getting processed by all BeanPostProcessors (for example: not eligible for auto-proxying)
2019-04-18 15:08:06.973  INFO 21200 --- [main] trationDelegate$BeanPostProcessorChecker : Bean 'org.springframework.security.config.annotation.method.configuration.GlobalMethodSecurityConfiguration' of type [org.springframework.security.config.annotation.method.configuration.GlobalMethodSecurityConfiguration$$EnhancerBySpringCGLIB$$5b9edd94] is not eligible for getting processed by all BeanPostProcessors (for example: not eligible for auto-proxying)
2019-04-18 15:08:06.977  INFO 21200 --- [main] trationDelegate$BeanPostProcessorChecker : Bean 'methodSecurityMetadataSource' of type [org.springframework.security.access.method.DelegatingMethodSecurityMetadataSource] is not eligible for getting processed by all BeanPostProcessors (for example: not eligible for auto-proxying)
2019-04-18 15:08:07.490  INFO 21200 --- [main] o.s.b.w.embedded.tomcat.TomcatWebServer  : Tomcat initialized with port(s): 8080 (http)
2019-04-18 15:08:07.519  INFO 21200 --- [main] o.apache.catalina.core.StandardService   : Starting service [Tomcat]
2019-04-18 15:08:07.520  INFO 21200 --- [main] org.apache.catalina.core.StandardEngine  : Starting Servlet engine: [Apache Tomcat/9.0.16]
2019-04-18 15:08:07.533  INFO 21200 --- [main] o.a.catalina.core.AprLifecycleListener   : The APR based Apache Tomcat Native library which allows optimal performance in production environments was not found on the java.library.path: [C:\Program Files\Java\jdk1.8.0_162\bin;C:\Windows\Sun\Java\bin;C:\Windows\system32;C:\Windows;C:\python\Scripts\;C:\python\;C:\Program Files (x86)\Python\Scripts\;C:\Program Files (x86)\Python\;C:\Program Files (x86)\Common Files\Oracle\Java\javapath;C:\ProgramData\Oracle\Java\javapath;C:\Program Files\Java\jdk1.8.0_162\bin;C:\Windows\system32;C:\Windows;C:\Windows\System32\Wbem;C:\Windows\System32\WindowsPowerShell\v1.0\;C:\Program Files\Common Files\ThinPrint\;C:\Program Files (x86)\Microsoft SQL Server\80\Tools\Binn\;C:\Program Files (x86)\Kaspersky Lab\Kaspersky Security for Virtualization 4.0 Light Agent\;C:\Program Files\PuTTY\;C:\Program Files\dotnet\;C:\Program Files\mingw-w64\x86_64-7.2.0-win32-sjlj-rt_v5-rev1\mingw64\bin;C:\Windows\Microsoft.NET\Framework64\v4.0.30319;C:\Dropbox\myEnvironmentPath;C:\Dropbox\myEnvironmentPath\jni4net-0.8.8.0-bin\bin;C:\Program Files\Git\cmd;C:\Program Files\TortoiseSVN\bin;C:\Program Files\apache-maven-3.5.4\bin;%NVM_HOME%;%NVM_SYMLINK%;C:\Program Files (x86)\Microsoft SQL Server\110\Tools\Binn\ManagementStudio\;C:\Program Files (x86)\Microsoft SQL Server\110\Tools\Binn\;C:\Program Files\Microsoft SQL Server\110\Tools\Binn\;C:\Program Files (x86)\Microsoft SQL Server\110\DTS\Binn\;C:\Program Files (x86)\SQL Anywhere 12\bin32;;C:\Program Files\Microsoft VS Code\bin;C:\Users\z.xin\AppData\Roaming\npm;C:\Users\z.xin\AppData\Local\Programs\Microsoft VS Code\bin;C:\Users\z.xin\AppData\Roaming\nvm;C:\Program Files\nodejs;.]
2019-04-18 15:08:07.754  INFO 21200 --- [main] o.a.c.c.C.[Tomcat].[localhost].[/]       : Initializing Spring embedded WebApplicationContext
2019-04-18 15:08:07.754  INFO 21200 --- [main] o.s.web.context.ContextLoader            : Root WebApplicationContext: initialization completed in 2819 ms
2019-04-18 15:08:08.008  INFO 21200 --- [main] com.zaxxer.hikari.HikariDataSource       : HikariPool-1 - Starting...
2019-04-18 15:08:08.231  INFO 21200 --- [main] com.zaxxer.hikari.HikariDataSource       : HikariPool-1 - Start completed.
2019-04-18 15:08:08.304  INFO 21200 --- [main] o.hibernate.jpa.internal.util.LogHelper  : HHH000204: Processing PersistenceUnitInfo [
	name: default
	...]
2019-04-18 15:08:08.405  INFO 21200 --- [main] org.hibernate.Version                    : HHH000412: Hibernate Core {5.3.7.Final}
2019-04-18 15:08:08.407  INFO 21200 --- [main] org.hibernate.cfg.Environment            : HHH000206: hibernate.properties not found
2019-04-18 15:08:08.609  INFO 21200 --- [main] o.hibernate.annotations.common.Version   : HCANN000001: Hibernate Commons Annotations {5.0.4.Final}
2019-04-18 15:08:08.812  INFO 21200 --- [main] org.hibernate.dialect.Dialect            : HHH000400: Using dialect: org.hibernate.dialect.H2Dialect
2019-04-18 15:08:09.627  INFO 21200 --- [main] o.h.t.schema.internal.SchemaCreatorImpl  : HHH000476: Executing import script 'org.hibernate.tool.schema.internal.exec.ScriptSourceInputNonExistentImpl@3313d477'
2019-04-18 15:08:09.631  INFO 21200 --- [main] j.LocalContainerEntityManagerFactoryBean : Initialized JPA EntityManagerFactory for persistence unit 'default'
2019-04-18 15:08:10.550  INFO 21200 --- [main] o.s.s.web.DefaultSecurityFilterChain     : Creating filter chain: any request, [org.springframework.security.web.context.request.async.WebAsyncManagerIntegrationFilter@1b8fa2fa, org.springframework.security.web.context.SecurityContextPersistenceFilter@1f172892, org.springframework.security.web.header.HeaderWriterFilter@16ac4d3d, org.springframework.security.web.csrf.CsrfFilter@54329480, org.springframework.security.web.authentication.logout.LogoutFilter@3b8507df, org.springframework.security.web.authentication.UsernamePasswordAuthenticationFilter@1b3bec6c, org.springframework.security.web.savedrequest.RequestCacheAwareFilter@45f9d394, org.springframework.security.web.servletapi.SecurityContextHolderAwareRequestFilter@7185e611, org.springframework.security.web.authentication.AnonymousAuthenticationFilter@21527b8, org.springframework.security.web.session.SessionManagementFilter@719c1faf, org.springframework.security.web.access.ExceptionTranslationFilter@68e47e7, org.springframework.security.web.access.intercept.FilterSecurityInterceptor@6ef037e4]
2019-04-18 15:08:10.942  INFO 21200 --- [main] o.s.s.concurrent.ThreadPoolTaskExecutor  : Initializing ExecutorService 'applicationTaskExecutor'
2019-04-18 15:08:11.010  WARN 21200 --- [main] aWebConfiguration$JpaWebMvcConfiguration : spring.jpa.open-in-view is enabled by default. Therefore, database queries may be performed during view rendering. Explicitly configure spring.jpa.open-in-view to disable this warning
2019-04-18 15:08:11.440  INFO 21200 --- [main] o.s.b.w.embedded.tomcat.TomcatWebServer  : Tomcat started on port(s): 8080 (http) with context path ''
2019-04-18 15:08:11.467  INFO 21200 --- [main] my.test.Application                      : Started Application in 7.232 seconds (JVM running for 7.905)
2019-04-18 15:08:14.904  INFO 21200 --- [http-nio-8080-exec-2] o.a.c.c.C.[Tomcat].[localhost].[/]       : Initializing Spring DispatcherServlet 'dispatcherServlet'
2019-04-18 15:08:14.904  INFO 21200 --- [http-nio-8080-exec-2] o.s.web.servlet.DispatcherServlet        : Initializing Servlet 'dispatcherServlet'
2019-04-18 15:08:14.920  INFO 21200 --- [http-nio-8080-exec-2] o.s.web.servlet.DispatcherServlet        : Completed initialization in 15 ms
2019-04-18 15:08:29.914  INFO 21200 --- [http-nio-8080-exec-10] o.h.h.i.QueryTranslatorFactoryInitiator  : HHH000397: Using ASTQueryTranslatorFactory
